name: train
run_id: commands[0]
env COMSPEC: C:\Windows\system32\cmd.exe
env NUMBER_OF_PROCESSORS: 4
env PATHEXT: .COM;.EXE;.BAT;.CMD;.VBS;.VBE;.JS;.JSE;.WSF;.WSH;.MSC;.CPL
env PROCESSOR_ARCHITECTURE: AMD64
env PROGRAMDATA: C:\ProgramData
env PROGRAMFILES: C:\Program Files
env PROGRAMFILES(X86): C:\Program Files (x86)
env SYSTEMDRIVE: C:
env SYSTEMROOT: C:\Windows
env TEMP: C:\Users\ADMINI~1\AppData\Local\Temp
env TMP: C:\Users\ADMINI~1\AppData\Local\Temp
env USERPROFILE: C:\Users\Administrator
env LANG: en_US.UTF-8
env PATH: C:\Users\Administrator\Documents\MLOPs_new\section-05-production-model-package\.tox\test_package\Scripts;C:\Program Files\Common Files\Oracle\Java\javapath;C:\Windows\system32;C:\Windows;C:\Windows\System32\Wbem;C:\Windows\System32\WindowsPowerShell\v1.0\;C:\Windows\System32\OpenSSH\;C:\Program Files\Microsoft SQL Server\150\Tools\Binn\;C:\Program Files\Microsoft SQL Server\Client SDK\ODBC\170\Tools\Binn\;C:\Program Files\dotnet\;C:\Program Files\Docker\Docker\resources\bin;C:\ProgramData\DockerDesktop\version-bin;C:\Program Files (x86)\Microsoft SQL Server\150\Tools\Binn\;C:\Program Files\Microsoft SQL Server\150\DTS\Binn\;C:\Program Files\Microsoft VS Code\bin;C:\Program Files\Git\cmd;C:\Program Files\MySQL\MySQL Shell 8.0\bin\;C:\Users\Administrator\AppData\Local\Programs\Python\Python310\Scripts\;C:\Users\Administrator\AppData\Local\Programs\Python\Python310\;C:\Users\Administrator\AppData\Local\Microsoft\WindowsApps;C:\Users\Administrator\AppData\Local\atom\bin;C:\Users\Administrator\AppData\Local\GitHubDesktop\bin;C:\Users\Administrator\.dotnet\tools;C:\Users\Administrator\AppData\Local\Pandoc\
env PIP_DISABLE_PIP_VERSION_CHECK: 1
env PYTHONIOENCODING: utf-8
env PYTHONPATH: .
env PYTHONHASHSEED: 0
env TOX_ENV_NAME: train
env TOX_WORK_DIR: C:\Users\Administrator\Documents\MLOPs_new\section-05-production-model-package\.tox
env TOX_ENV_DIR: C:\Users\Administrator\Documents\MLOPs_new\section-05-production-model-package\.tox\test_package
env VIRTUAL_ENV: C:\Users\Administrator\Documents\MLOPs_new\section-05-production-model-package\.tox\test_package
env COLUMNS: 76
env LINES: 12
metadata pid: 17592
cwd: C:\Users\Administrator\Documents\MLOPs_new\section-05-production-model-package
allow: C:\Users\Administrator\Documents\MLOPs_new\section-05-production-model-package\.tox\test_package\Scripts\*
cmd: python regression_model/train_pipeline.py
exit_code: 0
